[2025-03-24 10:17:55,015] multiqc                                            [DEBUG  ]  This is MultiQC v1.18
[2025-03-24 10:17:55,015] multiqc                                            [DEBUG  ]  Command used: /cpfs01/projects-HDD/cfff-e44ef5cf7aa5_HDD/dsm_23110700129/miniconda3/bin/multiqc --interactive ./
[2025-03-24 10:18:00,239] multiqc                                            [DEBUG  ]  Could not connect to multiqc.info for version check: <urlopen error timed out>
[2025-03-24 10:18:00,240] multiqc                                            [DEBUG  ]  Working dir : /cpfs01/projects-HDD/cfff-e44ef5cf7aa5_HDD/dsm_23110700129/HCC1395_RNA/STAR/results_v1/fastqc
[2025-03-24 10:18:00,240] multiqc                                            [DEBUG  ]  Template    : default
[2025-03-24 10:18:00,240] multiqc                                            [DEBUG  ]  Running Python 3.9.18 | packaged by conda-forge | (main, Dec 23 2023, 16:33:10)  [GCC 12.3.0]
[2025-03-24 10:18:00,241] multiqc                                            [DEBUG  ]  Analysing modules: custom_content, ccs, ngsderive, purple, conpair, lima, peddy, somalier, methylQA, mosdepth, phantompeakqualtools, qualimap, preseq, hifiasm, quast, qorts, rna_seqc, rockhopper, rsem, rseqc, busco, bustools, goleft_indexcov, gffcompare, disambiguate, supernova, deeptools, sargasso, verifybamid, mirtrace, happy, mirtop, sambamba, gopeaks, homer, hops, macs2, theta2, snpeff, gatk, htseq, bcftools, featureCounts, fgbio, dragen, dragen_fastqc, dedup, pbmarkdup, damageprofiler, mapdamage, biobambam2, jcvi, mtnucratio, picard, vep, bakta, prokka, qc3C, nanostat, samblaster, samtools, sexdeterrmine, seqera_cli, eigenstratdatabasetools, bamtools, jellyfish, vcftools, longranger, stacks, varscan2, snippy, umitools, truvari, bbmap, bismark, biscuit, diamond, hicexplorer, hicup, hicpro, salmon, kallisto, slamdunk, star, hisat2, tophat, bowtie2, bowtie1, cellranger, snpsplit, odgi, pangolin, nextclade, freyja, humid, kat, leehom, librarian, adapterRemoval, bbduk, clipandmerge, cutadapt, flexbar, sourmash, kaiju, bracken, kraken, malt, motus, trimmomatic, sickle, skewer, sortmerna, biobloomtools, fastq_screen, afterqc, fastp, fastqc, filtlong, prinseqplusplus, pychopper, porechop, pycoqc, minionqc, anglerfish, multivcfanalyzer, clusterflow, checkqc, bcl2fastq, bclconvert, interop, ivar, flash, seqyclean, optitype, whatshap, xenome, xengsort
[2025-03-24 10:18:00,242] multiqc                                            [DEBUG  ]  Using temporary directory for creating report: /tmp/tmppzhsluww
[2025-03-24 10:18:00,245] multiqc                                            [INFO   ]  Search path : /cpfs01/projects-HDD/cfff-e44ef5cf7aa5_HDD/dsm_23110700129/HCC1395_RNA/STAR/results_v1/fastqc
[2025-03-24 10:18:02,795] multiqc                                            [DEBUG  ]  Summary of files that were skipped by the search: [skipped_module_specific_max_filesize: 2044] // [skipped_no_match: 191] // [skipped_ignore_pattern: 6] // [skipped_directory_fn_ignore_dirs: 1]
[2025-03-24 10:18:03,131] multiqc.plots.bargraph                             [DEBUG  ]  Using matplotlib version 3.8.3
[2025-03-24 10:18:03,133] multiqc.plots.linegraph                            [DEBUG  ]  Using matplotlib version 3.8.3
[2025-03-24 10:18:03,133] multiqc                                            [DEBUG  ]  No samples found: custom_content
[2025-03-24 10:18:03,137] multiqc                                            [DEBUG  ]  No samples found: htseq
[2025-03-24 10:18:03,139] multiqc                                            [DEBUG  ]  No samples found: snippy
[2025-03-24 10:18:06,542] multiqc.modules.fastqc.fastqc                      [INFO   ]  Found 156 reports
[2025-03-24 10:18:06,803] multiqc.utils.software_versions                    [DEBUG  ]  Reading software versions from config.software_versions
[2025-03-24 10:18:06,942] multiqc                                            [DEBUG  ]  Compressing plot data
[2025-03-24 10:18:08,757] multiqc                                            [INFO   ]  Existing reports found, adding suffix to filenames. Use '--force' to overwrite.
[2025-03-24 10:18:08,757] multiqc                                            [INFO   ]  Report      : multiqc_report_1.html
[2025-03-24 10:18:08,757] multiqc                                            [INFO   ]  Data        : multiqc_data_1
[2025-03-24 10:18:08,757] multiqc                                            [DEBUG  ]  Moving data file from '/tmp/tmppzhsluww/multiqc_data' to '/cpfs01/projects-HDD/cfff-e44ef5cf7aa5_HDD/dsm_23110700129/HCC1395_RNA/STAR/results_v1/fastqc/multiqc_data_1'
[2025-03-24 10:18:08,781] multiqc                                            [DEBUG  ]  Full report path: /cpfs01/projects-HDD/cfff-e44ef5cf7aa5_HDD/dsm_23110700129/HCC1395_RNA/STAR/results_v1/fastqc/multiqc_report_1.html
[2025-03-24 10:18:08,874] multiqc                                            [INFO   ]  MultiQC complete
