[2025-03-23 17:06:37,183] multiqc                                            [DEBUG  ]  This is MultiQC v1.17
[2025-03-23 17:06:37,183] multiqc                                            [DEBUG  ]  Command used: /cpfs01/projects-HDD/cfff-e44ef5cf7aa5_HDD/dsm_23110700129/miniconda3/envs/mapping_V2/bin/multiqc ./
[2025-03-23 17:06:42,466] multiqc                                            [DEBUG  ]  Could not connect to multiqc.info for version check: <urlopen error timed out>
[2025-03-23 17:06:42,467] multiqc                                            [DEBUG  ]  Working dir : /cpfs01/projects-HDD/cfff-e44ef5cf7aa5_HDD/dsm_23110700129/HCC1395_RNA/STAR/results_v1/qualimap/BamQC
[2025-03-23 17:06:42,467] multiqc                                            [DEBUG  ]  Template    : default
[2025-03-23 17:06:42,467] multiqc                                            [DEBUG  ]  Running Python 3.12.0 | packaged by conda-forge | (main, Oct  3 2023, 08:43:22) [GCC 12.3.0]
[2025-03-23 17:06:42,468] multiqc                                            [DEBUG  ]  Analysing modules: custom_content, ccs, ngsderive, purple, conpair, lima, peddy, somalier, methylQA, mosdepth, phantompeakqualtools, qualimap, preseq, hifiasm, quast, qorts, rna_seqc, rockhopper, rsem, rseqc, busco, bustools, goleft_indexcov, gffcompare, disambiguate, supernova, deeptools, sargasso, verifybamid, mirtrace, happy, mirtop, sambamba, gopeaks, homer, hops, macs2, theta2, snpeff, gatk, htseq, bcftools, featureCounts, fgbio, dragen, dragen_fastqc, dedup, pbmarkdup, damageprofiler, mapdamage, biobambam2, jcvi, mtnucratio, picard, vep, sentieon, bakta, prokka, qc3C, nanostat, samblaster, samtools, sexdeterrmine, eigenstratdatabasetools, bamtools, jellyfish, vcftools, longranger, stacks, varscan2, snippy, umitools, truvari, bbmap, bismark, biscuit, diamond, hicexplorer, hicup, hicpro, salmon, kallisto, slamdunk, star, hisat2, tophat, bowtie2, bowtie1, cellranger, snpsplit, odgi, pangolin, nextclade, freyja, humid, kat, leehom, librarian, adapterRemoval, bbduk, clipandmerge, cutadapt, flexbar, sourmash, kaiju, bracken, kraken, malt, motus, trimmomatic, sickle, skewer, sortmerna, biobloomtools, fastq_screen, afterqc, fastp, fastqc, filtlong, prinseqplusplus, pychopper, porechop, pycoqc, minionqc, anglerfish, multivcfanalyzer, clusterflow, checkqc, bcl2fastq, bclconvert, interop, ivar, flash, seqyclean, optitype, whatshap
[2025-03-23 17:06:42,468] multiqc                                            [DEBUG  ]  Using temporary directory for creating report: /tmp/tmp1d366cno
[2025-03-23 17:06:42,472] multiqc                                            [INFO   ]  Search path : /cpfs01/projects-HDD/cfff-e44ef5cf7aa5_HDD/dsm_23110700129/HCC1395_RNA/STAR/results_v1/qualimap/BamQC
[2025-03-23 17:07:18,403] multiqc                                            [DEBUG  ]  Summary of files that were skipped by the search: [skipped_module_specific_max_filesize: 6457] // [skipped_no_match: 3647] // [skipped_ignore_pattern: 82]
[2025-03-23 17:07:18,742] multiqc.plots.bargraph                             [DEBUG  ]  Using matplotlib version 3.8.0
[2025-03-23 17:07:18,743] multiqc.plots.linegraph                            [DEBUG  ]  Using matplotlib version 3.8.0
[2025-03-23 17:07:18,744] multiqc                                            [DEBUG  ]  No samples found: custom_content
[2025-03-23 17:07:29,559] multiqc.modules.qualimap.QM_BamQC                  [DEBUG  ]  Using default Qualimap thresholds: 1, 5, 10, 30, 50
[2025-03-23 17:07:31,777] multiqc.modules.qualimap.qualimap                  [INFO   ]  Found 79 BamQC reports
[2025-03-23 17:07:31,780] multiqc                                            [DEBUG  ]  No samples found: snippy
[2025-03-23 17:07:31,780] multiqc.utils.software_versions                    [DEBUG  ]  Reading software versions from config.software_versions
[2025-03-23 17:07:31,906] multiqc                                            [DEBUG  ]  Compressing plot data
[2025-03-23 17:07:35,760] multiqc                                            [INFO   ]  Report      : multiqc_report.html
[2025-03-23 17:07:35,760] multiqc                                            [INFO   ]  Data        : multiqc_data
[2025-03-23 17:07:35,760] multiqc                                            [DEBUG  ]  Moving data file from '/tmp/tmp1d366cno/multiqc_data' to '/cpfs01/projects-HDD/cfff-e44ef5cf7aa5_HDD/dsm_23110700129/HCC1395_RNA/STAR/results_v1/qualimap/BamQC/multiqc_data'
[2025-03-23 17:07:35,804] multiqc                                            [DEBUG  ]  Full report path: /cpfs01/projects-HDD/cfff-e44ef5cf7aa5_HDD/dsm_23110700129/HCC1395_RNA/STAR/results_v1/qualimap/BamQC/multiqc_report.html
[2025-03-23 17:07:35,873] multiqc                                            [INFO   ]  MultiQC complete
