[2024-11-19 17:41:21,411] multiqc                                            [DEBUG  ]  This is MultiQC v1.17
[2024-11-19 17:41:21,411] multiqc                                            [DEBUG  ]  Command used: /cpfs01/projects-HDD/cfff-e44ef5cf7aa5_HDD/dsm_23110700129/miniconda3/envs/mapping_V2/bin/multiqc ./
[2024-11-19 17:41:26,600] multiqc                                            [DEBUG  ]  Could not connect to multiqc.info for version check: <urlopen error timed out>
[2024-11-19 17:41:26,600] multiqc                                            [DEBUG  ]  Working dir : /cpfs01/projects-HDD/cfff-e44ef5cf7aa5_HDD/dsm_23110700129/HCC1395_RNA/STAR/results/qualimap/RNAseqQC
[2024-11-19 17:41:26,600] multiqc                                            [DEBUG  ]  Template    : default
[2024-11-19 17:41:26,600] multiqc                                            [DEBUG  ]  Running Python 3.12.0 | packaged by conda-forge | (main, Oct  3 2023, 08:43:22) [GCC 12.3.0]
[2024-11-19 17:41:26,600] multiqc                                            [DEBUG  ]  Analysing modules: custom_content, ccs, ngsderive, purple, conpair, lima, peddy, somalier, methylQA, mosdepth, phantompeakqualtools, qualimap, preseq, hifiasm, quast, qorts, rna_seqc, rockhopper, rsem, rseqc, busco, bustools, goleft_indexcov, gffcompare, disambiguate, supernova, deeptools, sargasso, verifybamid, mirtrace, happy, mirtop, sambamba, gopeaks, homer, hops, macs2, theta2, snpeff, gatk, htseq, bcftools, featureCounts, fgbio, dragen, dragen_fastqc, dedup, pbmarkdup, damageprofiler, mapdamage, biobambam2, jcvi, mtnucratio, picard, vep, sentieon, bakta, prokka, qc3C, nanostat, samblaster, samtools, sexdeterrmine, eigenstratdatabasetools, bamtools, jellyfish, vcftools, longranger, stacks, varscan2, snippy, umitools, truvari, bbmap, bismark, biscuit, diamond, hicexplorer, hicup, hicpro, salmon, kallisto, slamdunk, star, hisat2, tophat, bowtie2, bowtie1, cellranger, snpsplit, odgi, pangolin, nextclade, freyja, humid, kat, leehom, librarian, adapterRemoval, bbduk, clipandmerge, cutadapt, flexbar, sourmash, kaiju, bracken, kraken, malt, motus, trimmomatic, sickle, skewer, sortmerna, biobloomtools, fastq_screen, afterqc, fastp, fastqc, filtlong, prinseqplusplus, pychopper, porechop, pycoqc, minionqc, anglerfish, multivcfanalyzer, clusterflow, checkqc, bcl2fastq, bclconvert, interop, ivar, flash, seqyclean, optitype, whatshap
[2024-11-19 17:41:26,601] multiqc                                            [DEBUG  ]  Using temporary directory for creating report: /tmp/tmppgr0216o
[2024-11-19 17:41:26,602] multiqc                                            [INFO   ]  Search path : /cpfs01/projects-HDD/cfff-e44ef5cf7aa5_HDD/dsm_23110700129/HCC1395_RNA/STAR/results/qualimap/RNAseqQC
[2024-11-19 17:41:41,309] multiqc                                            [DEBUG  ]  Summary of files that were skipped by the search: [skipped_module_specific_max_filesize: 4182] // [skipped_no_match: 2343] // [skipped_ignore_pattern: 2]
[2024-11-19 17:41:41,653] multiqc.plots.bargraph                             [DEBUG  ]  Using matplotlib version 3.8.0
[2024-11-19 17:41:41,655] multiqc.plots.linegraph                            [DEBUG  ]  Using matplotlib version 3.8.0
[2024-11-19 17:41:41,656] multiqc                                            [DEBUG  ]  No samples found: custom_content
[2024-11-19 17:41:41,825] multiqc.modules.qualimap.qualimap                  [INFO   ]  Found 73 RNASeq reports
[2024-11-19 17:41:41,849] multiqc                                            [DEBUG  ]  No samples found: htseq
[2024-11-19 17:41:41,851] multiqc                                            [DEBUG  ]  No samples found: snippy
[2024-11-19 17:41:41,851] multiqc.utils.software_versions                    [DEBUG  ]  Reading software versions from config.software_versions
[2024-11-19 17:41:41,876] multiqc                                            [DEBUG  ]  Compressing plot data
[2024-11-19 17:41:42,174] multiqc                                            [INFO   ]  Report      : multiqc_report.html
[2024-11-19 17:41:42,174] multiqc                                            [INFO   ]  Data        : multiqc_data
[2024-11-19 17:41:42,174] multiqc                                            [DEBUG  ]  Moving data file from '/tmp/tmppgr0216o/multiqc_data' to '/cpfs01/projects-HDD/cfff-e44ef5cf7aa5_HDD/dsm_23110700129/HCC1395_RNA/STAR/results/qualimap/RNAseqQC/multiqc_data'
[2024-11-19 17:41:42,195] multiqc                                            [DEBUG  ]  Full report path: /cpfs01/projects-HDD/cfff-e44ef5cf7aa5_HDD/dsm_23110700129/HCC1395_RNA/STAR/results/qualimap/RNAseqQC/multiqc_report.html
[2024-11-19 17:41:42,313] multiqc                                            [INFO   ]  MultiQC complete
